2025-05-30 01:49:45,686 [Worker-11: Loading available Gradle versions] INFO  o.e.b.c.i.u.g.PublishedGradleVersions - Gradle version information cache is not available. Remote download required.
2025-05-30 01:50:33,671 [Worker-14: Importing Maven projects] INFO  o.e.m.c.i.l.LifecycleMappingFactory - Using org.eclipse.m2e.jdt.JarLifecycleMapping lifecycle mapping for MavenProject: com.book:Booking-Service:0.0.1-SNAPSHOT @ /Users/Sarthak/Desktop/STS-work/workspace-EasyBus-Service - FinalProject /Booking-Service/pom.xml.
2025-05-30 01:50:42,108 [Worker-14: Importing Maven projects] INFO  o.e.m.j.i.AbstractJavaProjectConfigurator - Adding source folder /Booking-Service/src/main/java
2025-05-30 01:50:42,118 [Worker-14: Importing Maven projects] INFO  o.e.m.j.i.AbstractJavaProjectConfigurator - Adding resource folder /Booking-Service/src/main/resources
2025-05-30 01:50:42,121 [Worker-14: Importing Maven projects] INFO  o.e.m.j.i.AbstractJavaProjectConfigurator - Adding resource folder /Booking-Service/src/main/resources
2025-05-30 01:50:42,124 [Worker-14: Importing Maven projects] INFO  o.e.m.j.i.AbstractJavaProjectConfigurator - Adding source folder /Booking-Service/src/test/java
2025-05-30 01:50:42,126 [Worker-14: Importing Maven projects] INFO  o.e.m.j.i.AbstractJavaProjectConfigurator - Adding resource folder /Booking-Service/src/test/resources
2025-05-30 01:50:44,570 [Worker-14: Importing Maven projects] INFO  o.e.m.c.i.p.ProjectConfigurationManager - Imported and configured 1 project(s) in 16 sec
2025-05-30 01:50:44,803 [Worker-11: Updating Maven Project] INFO  o.e.m.c.i.p.ProjectConfigurationManager - Update started
2025-05-30 01:50:45,809 [Worker-11: Updating Maven Project] INFO  o.e.m.c.i.l.LifecycleMappingFactory - Using org.eclipse.m2e.jdt.JarLifecycleMapping lifecycle mapping for MavenProject: com.book:Booking-Service:0.0.1-SNAPSHOT @ /Users/Sarthak/Desktop/STS-work/workspace-EasyBus-Service - FinalProject /Booking-Service/pom.xml.
2025-05-30 01:50:51,038 [Worker-11: Updating Maven Project] INFO  o.e.m.j.i.AbstractJavaProjectConfigurator - Adding source folder /Booking-Service/src/main/java
2025-05-30 01:50:51,043 [Worker-11: Updating Maven Project] INFO  o.e.m.j.i.AbstractJavaProjectConfigurator - Adding resource folder /Booking-Service/src/main/resources
2025-05-30 01:50:51,044 [Worker-11: Updating Maven Project] INFO  o.e.m.j.i.AbstractJavaProjectConfigurator - Adding resource folder /Booking-Service/src/main/resources
2025-05-30 01:50:51,045 [Worker-11: Updating Maven Project] INFO  o.e.m.j.i.AbstractJavaProjectConfigurator - Adding source folder /Booking-Service/src/test/java
2025-05-30 01:50:51,046 [Worker-11: Updating Maven Project] INFO  o.e.m.j.i.AbstractJavaProjectConfigurator - Adding resource folder /Booking-Service/src/test/resources
2025-05-30 01:50:52,061 [Worker-11: Updating Maven Project] INFO  o.e.m.c.i.p.ProjectConfigurationManager - Update completed for 1 poms: local refresh takes 0.00 sec, refresh facades takes 5.00 sec, update config takes 0.00 sec 
2025-05-30 01:50:53,158 [Worker-6: Importing Maven projects] INFO  o.e.m.c.i.l.LifecycleMappingFactory - Using org.eclipse.m2e.jdt.JarLifecycleMapping lifecycle mapping for MavenProject: com.book:EasyBus-Service:0.0.1-SNAPSHOT @ /Users/Sarthak/Desktop/STS-work/workspace-EasyBus-Service - FinalProject /EasyBus-Service/pom.xml.
2025-05-30 01:50:55,311 [Worker-6: Importing Maven projects] INFO  o.e.m.j.i.AbstractJavaProjectConfigurator - Adding source folder /EasyBus-Service/src/main/java
2025-05-30 01:50:55,314 [Worker-6: Importing Maven projects] INFO  o.e.m.j.i.AbstractJavaProjectConfigurator - Adding resource folder /EasyBus-Service/src/main/resources
2025-05-30 01:50:55,314 [Worker-6: Importing Maven projects] INFO  o.e.m.j.i.AbstractJavaProjectConfigurator - Adding resource folder /EasyBus-Service/src/main/resources
2025-05-30 01:50:55,315 [Worker-6: Importing Maven projects] INFO  o.e.m.j.i.AbstractJavaProjectConfigurator - Adding source folder /EasyBus-Service/src/test/java
2025-05-30 01:50:55,315 [Worker-6: Importing Maven projects] INFO  o.e.m.j.i.AbstractJavaProjectConfigurator - Adding resource folder /EasyBus-Service/src/test/resources
2025-05-30 01:50:55,616 [Worker-6: Importing Maven projects] INFO  o.e.m.c.i.p.ProjectConfigurationManager - Imported and configured 1 project(s) in 3 sec
2025-05-30 01:51:02,270 [Worker-1: Building] INFO  o.a.m.s.f.DefaultMavenResourcesFiltering - Copying 1 resource from src/main/resources to target/classes
2025-05-30 01:51:02,289 [Worker-1: Building] INFO  o.a.m.s.f.DefaultMavenResourcesFiltering - Copying 0 resource from src/main/resources to target/classes
2025-05-30 01:51:02,306 [Worker-1: Building] INFO  o.a.m.s.f.DefaultMavenResourcesFiltering - skip non existing resourceDirectory /Users/Sarthak/Desktop/STS-work/workspace-EasyBus-Service - FinalProject /Booking-Service/src/test/resources
2025-05-30 01:51:06,494 [Worker-1: Building] INFO  o.a.m.s.f.DefaultMavenResourcesFiltering - Copying 1 resource from src/main/resources to target/classes
2025-05-30 01:51:06,518 [Worker-1: Building] INFO  o.a.m.s.f.DefaultMavenResourcesFiltering - Copying 0 resource from src/main/resources to target/classes
2025-05-30 01:51:06,530 [Worker-1: Building] INFO  o.a.m.s.f.DefaultMavenResourcesFiltering - skip non existing resourceDirectory /Users/Sarthak/Desktop/STS-work/workspace-EasyBus-Service - FinalProject /EasyBus-Service/src/test/resources
2025-05-30 01:51:15,748 [Worker-18: Importing Maven projects] INFO  o.e.m.c.i.l.LifecycleMappingFactory - Using org.eclipse.m2e.jdt.JarLifecycleMapping lifecycle mapping for MavenProject: com.fmanagment:LoginRegistrationService:0.0.1-SNAPSHOT @ /Users/Sarthak/Desktop/STS-work/workspace-EasyBus-Service - FinalProject /LoginRegistrationService/pom.xml.
2025-05-30 01:51:16,784 [Worker-18: Importing Maven projects] INFO  o.e.m.j.i.AbstractJavaProjectConfigurator - Adding source folder /LoginRegistrationService/src/main/java
2025-05-30 01:51:16,789 [Worker-18: Importing Maven projects] INFO  o.e.m.j.i.AbstractJavaProjectConfigurator - Adding resource folder /LoginRegistrationService/src/main/resources
2025-05-30 01:51:16,791 [Worker-18: Importing Maven projects] INFO  o.e.m.j.i.AbstractJavaProjectConfigurator - Adding resource folder /LoginRegistrationService/src/main/resources
2025-05-30 01:51:16,793 [Worker-18: Importing Maven projects] INFO  o.e.m.j.i.AbstractJavaProjectConfigurator - Adding source folder /LoginRegistrationService/src/test/java
2025-05-30 01:51:16,794 [Worker-18: Importing Maven projects] INFO  o.e.m.j.i.AbstractJavaProjectConfigurator - Adding resource folder /LoginRegistrationService/src/test/resources
2025-05-30 01:51:17,200 [Worker-18: Importing Maven projects] INFO  o.e.m.c.i.p.ProjectConfigurationManager - Imported and configured 1 project(s) in 2 sec
2025-05-30 01:51:21,188 [Worker-9: Building] INFO  o.a.m.s.f.DefaultMavenResourcesFiltering - Copying 1 resource from src/main/resources to target/classes
2025-05-30 01:51:21,230 [Worker-9: Building] INFO  o.a.m.s.f.DefaultMavenResourcesFiltering - Copying 0 resource from src/main/resources to target/classes
2025-05-30 01:51:21,248 [Worker-9: Building] INFO  o.a.m.s.f.DefaultMavenResourcesFiltering - Copying 0 resource from src/test/resources to target/test-classes
2025-05-30 01:51:34,886 [Worker-7: Importing Maven projects] INFO  o.e.m.c.i.l.LifecycleMappingFactory - Using org.eclipse.m2e.jdt.JarLifecycleMapping lifecycle mapping for MavenProject: com.book:Passenger:0.0.1-SNAPSHOT @ /Users/Sarthak/Desktop/STS-work/workspace-EasyBus-Service - FinalProject /Passenger/pom.xml.
2025-05-30 01:51:37,646 [Worker-7: Importing Maven projects] INFO  o.e.m.j.i.AbstractJavaProjectConfigurator - Adding source folder /Passenger/src/main/java
2025-05-30 01:51:37,670 [Worker-7: Importing Maven projects] INFO  o.e.m.j.i.AbstractJavaProjectConfigurator - Adding resource folder /Passenger/src/main/resources
2025-05-30 01:51:37,673 [Worker-7: Importing Maven projects] INFO  o.e.m.j.i.AbstractJavaProjectConfigurator - Adding resource folder /Passenger/src/main/resources
2025-05-30 01:51:37,681 [Worker-7: Importing Maven projects] INFO  o.e.m.j.i.AbstractJavaProjectConfigurator - Adding source folder /Passenger/src/test/java
2025-05-30 01:51:37,692 [Worker-7: Importing Maven projects] INFO  o.e.m.j.i.AbstractJavaProjectConfigurator - Adding resource folder /Passenger/src/test/resources
2025-05-30 01:51:38,319 [Worker-7: Importing Maven projects] INFO  o.e.m.c.i.p.ProjectConfigurationManager - Imported and configured 1 project(s) in 4 sec
2025-05-30 01:51:39,747 [Worker-22: Building] INFO  o.a.m.s.f.DefaultMavenResourcesFiltering - Copying 1 resource from src/main/resources to target/classes
2025-05-30 01:51:39,789 [Worker-22: Building] INFO  o.a.m.s.f.DefaultMavenResourcesFiltering - Copying 0 resource from src/main/resources to target/classes
2025-05-30 01:51:39,799 [Worker-22: Building] INFO  o.a.m.s.f.DefaultMavenResourcesFiltering - skip non existing resourceDirectory /Users/Sarthak/Desktop/STS-work/workspace-EasyBus-Service - FinalProject /Passenger/src/test/resources
2025-05-30 01:51:54,942 [Worker-13: Importing Maven projects] INFO  o.e.m.c.i.l.LifecycleMappingFactory - Using org.eclipse.m2e.jdt.JarLifecycleMapping lifecycle mapping for MavenProject: com.example:PaymentService:0.0.1-SNAPSHOT @ /Users/Sarthak/Desktop/STS-work/workspace-EasyBus-Service - FinalProject /PaymentService/PaymentService/pom.xml.
2025-05-30 01:51:56,612 [Worker-13: Importing Maven projects] INFO  o.e.m.j.i.AbstractJavaProjectConfigurator - Adding source folder /PaymentService/src/main/java
2025-05-30 01:51:56,617 [Worker-13: Importing Maven projects] INFO  o.e.m.j.i.AbstractJavaProjectConfigurator - Adding resource folder /PaymentService/src/main/resources
2025-05-30 01:51:56,617 [Worker-13: Importing Maven projects] INFO  o.e.m.j.i.AbstractJavaProjectConfigurator - Adding resource folder /PaymentService/src/main/resources
2025-05-30 01:51:56,618 [Worker-13: Importing Maven projects] INFO  o.e.m.j.i.AbstractJavaProjectConfigurator - Adding source folder /PaymentService/src/test/java
2025-05-30 01:51:56,619 [Worker-13: Importing Maven projects] INFO  o.e.m.j.i.AbstractJavaProjectConfigurator - Adding resource folder /PaymentService/src/test/resources
2025-05-30 01:51:56,857 [Worker-13: Importing Maven projects] INFO  o.e.m.c.i.p.ProjectConfigurationManager - Imported and configured 1 project(s) in 2 sec
2025-05-30 01:51:58,897 [Worker-5: Building] INFO  o.a.m.s.f.DefaultMavenResourcesFiltering - Copying 1 resource from src/main/resources to target/classes
2025-05-30 01:51:58,934 [Worker-5: Building] INFO  o.a.m.s.f.DefaultMavenResourcesFiltering - Copying 0 resource from src/main/resources to target/classes
2025-05-30 01:51:58,954 [Worker-5: Building] INFO  o.a.m.s.f.DefaultMavenResourcesFiltering - skip non existing resourceDirectory /Users/Sarthak/Desktop/STS-work/workspace-EasyBus-Service - FinalProject /PaymentService/PaymentService/src/test/resources
2025-05-30 01:52:24,811 [Worker-19: Importing Maven projects] INFO  o.e.m.c.i.l.LifecycleMappingFactory - Using org.eclipse.m2e.jdt.JarLifecycleMapping lifecycle mapping for MavenProject: com.example:ContactUs-Service:0.0.1-SNAPSHOT @ /Users/Sarthak/Desktop/STS-work/workspace-EasyBus-Service - FinalProject /ContactUs-Service/pom.xml.
2025-05-30 01:52:26,372 [Worker-19: Importing Maven projects] INFO  o.e.m.j.i.AbstractJavaProjectConfigurator - Adding source folder /ContactUs-Service/src/main/java
2025-05-30 01:52:26,389 [Worker-19: Importing Maven projects] INFO  o.e.m.j.i.AbstractJavaProjectConfigurator - Adding resource folder /ContactUs-Service/src/main/resources
2025-05-30 01:52:26,393 [Worker-19: Importing Maven projects] INFO  o.e.m.j.i.AbstractJavaProjectConfigurator - Adding resource folder /ContactUs-Service/src/main/resources
2025-05-30 01:52:26,404 [Worker-19: Importing Maven projects] INFO  o.e.m.j.i.AbstractJavaProjectConfigurator - Adding source folder /ContactUs-Service/src/test/java
2025-05-30 01:52:26,409 [Worker-19: Importing Maven projects] INFO  o.e.m.j.i.AbstractJavaProjectConfigurator - Adding resource folder /ContactUs-Service/src/test/resources
2025-05-30 01:52:26,964 [Worker-19: Importing Maven projects] INFO  o.e.m.c.i.p.ProjectConfigurationManager - Imported and configured 1 project(s) in 4 sec
2025-05-30 01:52:28,912 [Worker-1: Building] INFO  o.a.m.s.f.DefaultMavenResourcesFiltering - Copying 1 resource from src/main/resources to target/classes
2025-05-30 01:52:28,962 [Worker-1: Building] INFO  o.a.m.s.f.DefaultMavenResourcesFiltering - Copying 0 resource from src/main/resources to target/classes
2025-05-30 01:52:28,979 [Worker-1: Building] INFO  o.a.m.s.f.DefaultMavenResourcesFiltering - skip non existing resourceDirectory /Users/Sarthak/Desktop/STS-work/workspace-EasyBus-Service - FinalProject /ContactUs-Service/src/test/resources
2025-05-30 01:52:45,269 [Worker-14: Importing Maven projects] INFO  o.e.m.c.i.l.LifecycleMappingFactory - Using org.eclipse.m2e.jdt.JarLifecycleMapping lifecycle mapping for MavenProject: com.example:ApiGateway:0.0.1-SNAPSHOT @ /Users/Sarthak/Desktop/STS-work/workspace-EasyBus-Service - FinalProject /ApiGateway/pom.xml.
2025-05-30 01:52:45,978 [Worker-14: Importing Maven projects] INFO  o.e.m.j.i.AbstractJavaProjectConfigurator - Adding source folder /ApiGateway/src/main/java
2025-05-30 01:52:45,979 [Worker-14: Importing Maven projects] INFO  o.e.m.j.i.AbstractJavaProjectConfigurator - Adding resource folder /ApiGateway/src/main/resources
2025-05-30 01:52:45,979 [Worker-14: Importing Maven projects] INFO  o.e.m.j.i.AbstractJavaProjectConfigurator - Adding resource folder /ApiGateway/src/main/resources
2025-05-30 01:52:45,979 [Worker-14: Importing Maven projects] INFO  o.e.m.j.i.AbstractJavaProjectConfigurator - Adding source folder /ApiGateway/src/test/java
2025-05-30 01:52:45,979 [Worker-14: Importing Maven projects] INFO  o.e.m.j.i.AbstractJavaProjectConfigurator - Adding resource folder /ApiGateway/src/test/resources
2025-05-30 01:52:46,119 [Worker-14: Importing Maven projects] INFO  o.e.m.c.i.p.ProjectConfigurationManager - Imported and configured 1 project(s) in 1 sec
2025-05-30 01:52:48,722 [Worker-13: Building] INFO  o.a.m.s.f.DefaultMavenResourcesFiltering - Copying 1 resource from src/main/resources to target/classes
2025-05-30 01:52:48,797 [Worker-13: Building] INFO  o.a.m.s.f.DefaultMavenResourcesFiltering - Copying 0 resource from src/main/resources to target/classes
2025-05-30 01:52:48,842 [Worker-13: Building] INFO  o.a.m.s.f.DefaultMavenResourcesFiltering - skip non existing resourceDirectory /Users/Sarthak/Desktop/STS-work/workspace-EasyBus-Service - FinalProject /ApiGateway/src/test/resources
2025-05-30 01:53:06,584 [Worker-18: Importing Maven projects] INFO  o.e.m.c.i.l.LifecycleMappingFactory - Using org.eclipse.m2e.jdt.JarLifecycleMapping lifecycle mapping for MavenProject: com.server:Eureka-Server:0.0.1-SNAPSHOT @ /Users/Sarthak/Desktop/STS-work/workspace-EasyBus-Service - FinalProject /Eureka-Server/pom.xml.
2025-05-30 01:53:08,484 [Worker-18: Importing Maven projects] INFO  o.e.m.j.i.AbstractJavaProjectConfigurator - Adding source folder /Eureka-Server/src/main/java
2025-05-30 01:53:08,490 [Worker-18: Importing Maven projects] INFO  o.e.m.j.i.AbstractJavaProjectConfigurator - Adding resource folder /Eureka-Server/src/main/resources
2025-05-30 01:53:08,491 [Worker-18: Importing Maven projects] INFO  o.e.m.j.i.AbstractJavaProjectConfigurator - Adding resource folder /Eureka-Server/src/main/resources
2025-05-30 01:53:08,493 [Worker-18: Importing Maven projects] INFO  o.e.m.j.i.AbstractJavaProjectConfigurator - Adding source folder /Eureka-Server/src/test/java
2025-05-30 01:53:08,493 [Worker-18: Importing Maven projects] INFO  o.e.m.j.i.AbstractJavaProjectConfigurator - Adding resource folder /Eureka-Server/src/test/resources
2025-05-30 01:53:08,703 [Worker-18: Importing Maven projects] INFO  o.e.m.c.i.p.ProjectConfigurationManager - Imported and configured 1 project(s) in 2 sec
2025-05-30 01:53:09,865 [Worker-0: Building] INFO  o.a.m.s.f.DefaultMavenResourcesFiltering - Copying 1 resource from src/main/resources to target/classes
2025-05-30 01:53:09,896 [Worker-0: Building] INFO  o.a.m.s.f.DefaultMavenResourcesFiltering - Copying 0 resource from src/main/resources to target/classes
2025-05-30 01:53:09,903 [Worker-0: Building] INFO  o.a.m.s.f.DefaultMavenResourcesFiltering - skip non existing resourceDirectory /Users/Sarthak/Desktop/STS-work/workspace-EasyBus-Service - FinalProject /Eureka-Server/src/test/resources
2025-06-20 18:37:00,069 [Worker-8: Loading available Gradle versions] INFO  o.e.b.c.i.u.g.PublishedGradleVersions - Gradle version information cache is out-of-date. Trying to update.
2025-06-20 20:35:53,283 [Worker-22: Building] INFO  o.a.m.s.f.DefaultMavenResourcesFiltering - Copying 1 resource from src/main/resources to target/classes
2025-06-20 20:35:53,386 [Worker-22: Building] INFO  o.a.m.s.f.DefaultMavenResourcesFiltering - Copying 0 resource from src/main/resources to target/classes
2025-06-20 20:35:53,412 [Worker-22: Building] INFO  o.a.m.s.f.DefaultMavenResourcesFiltering - skip non existing resourceDirectory /Users/Sarthak/Desktop/STS-work/workspace-EasyBus-Service - FinalProject /ApiGateway/src/test/resources
2025-06-20 20:36:16,984 [Worker-9: Building] INFO  o.a.m.s.f.DefaultMavenResourcesFiltering - Copying 1 resource from src/main/resources to target/classes
2025-06-20 20:36:17,010 [Worker-9: Building] INFO  o.a.m.s.f.DefaultMavenResourcesFiltering - Copying 0 resource from src/main/resources to target/classes
2025-06-20 20:36:17,023 [Worker-9: Building] INFO  o.a.m.s.f.DefaultMavenResourcesFiltering - skip non existing resourceDirectory /Users/Sarthak/Desktop/STS-work/workspace-EasyBus-Service - FinalProject /ApiGateway/src/test/resources
2025-06-20 20:42:58,189 [Worker-14: Building] INFO  o.a.m.s.f.DefaultMavenResourcesFiltering - Copying 1 resource from src/main/resources to target/classes
2025-06-20 20:42:58,259 [Worker-14: Building] INFO  o.a.m.s.f.DefaultMavenResourcesFiltering - Copying 0 resource from src/main/resources to target/classes
2025-06-20 20:42:58,284 [Worker-14: Building] INFO  o.a.m.s.f.DefaultMavenResourcesFiltering - skip non existing resourceDirectory /Users/Sarthak/Desktop/STS-work/workspace-EasyBus-Service - FinalProject /ApiGateway/src/test/resources
2025-07-02 19:30:59,530 [Worker-4: Loading available Gradle versions] INFO  o.e.b.c.i.u.g.PublishedGradleVersions - Gradle version information cache is out-of-date. Trying to update.
